2021-10-06 11:37:47,784:INFO:PyCaret Supervised Module
2021-10-06 11:37:47,784:INFO:ML Usecase: classification
2021-10-06 11:37:47,784:INFO:version 2.3.4
2021-10-06 11:37:47,785:INFO:Initializing setup()
2021-10-06 11:37:47,785:INFO:setup(target=income, ml_usecase=classification, available_plots={'parameter': 'Hyperparameters', 'auc': 'AUC', 'confusion_matrix': 'Confusion Matrix', 'threshold': 'Threshold', 'pr': 'Precision Recall', 'error': 'Prediction Error', 'class_report': 'Class Report', 'rfe': 'Feature Selection', 'learning': 'Learning Curve', 'manifold': 'Manifold Learning', 'calibration': 'Calibration Curve', 'vc': 'Validation Curve', 'dimension': 'Dimensions', 'feature': 'Feature Importance', 'feature_all': 'Feature Importance (All)', 'boundary': 'Decision Boundary', 'lift': 'Lift Chart', 'gain': 'Gain Chart', 'tree': 'Decision Tree', 'ks': 'KS Statistic Plot'}, train_size=0.7, test_data=None, preprocess=True, imputation_type=simple, iterative_imputation_iters=5, categorical_features=None, categorical_imputation=constant, categorical_iterative_imputer=lightgbm, ordinal_features=None, high_cardinality_features=None, high_cardinality_method=frequency, numeric_features=None, numeric_imputation=mean, numeric_iterative_imputer=lightgbm, date_features=None, ignore_features=None, normalize=False, normalize_method=zscore, transformation=False, transformation_method=yeo-johnson, handle_unknown_categorical=True, unknown_categorical_method=least_frequent, pca=False, pca_method=linear, pca_components=None, ignore_low_variance=False, combine_rare_levels=False, rare_level_threshold=0.1, bin_numeric_features=None, remove_outliers=False, outliers_threshold=0.05, remove_multicollinearity=False, multicollinearity_threshold=0.9, remove_perfect_collinearity=True, create_clusters=False, cluster_iter=20, polynomial_features=False, polynomial_degree=2, trigonometry_features=False, polynomial_threshold=0.1, group_features=None, group_names=None, feature_selection=False, feature_selection_threshold=0.8, feature_selection_method=classic, feature_interaction=False, feature_ratio=False, interaction_threshold=0.01, fix_imbalance=False, fix_imbalance_method=None, transform_target=False, transform_target_method=box-cox, data_split_shuffle=True, data_split_stratify=False, fold_strategy=stratifiedkfold, fold=10, fold_shuffle=False, fold_groups=None, n_jobs=-1, use_gpu=False, custom_pipeline=None, html=True, session_id=None, log_experiment=False, experiment_name=None, log_plots=False, log_profile=False, log_data=False, silent=False, verbose=True, profile=False, profile_kwargs=None, display=None)
2021-10-06 11:37:47,785:INFO:Checking environment
2021-10-06 11:37:47,786:INFO:python_version: 3.8.8
2021-10-06 11:37:47,786:INFO:python_build: ('default', 'Apr 13 2021 15:08:03')
2021-10-06 11:37:47,786:INFO:machine: AMD64
2021-10-06 11:37:47,786:INFO:platform: Windows-10-10.0.19041-SP0
2021-10-06 11:37:47,786:INFO:Memory: svmem(total=68516220928, available=53024452608, percent=22.6, used=15491768320, free=53024452608)
2021-10-06 11:37:47,786:INFO:Physical Core: 8
2021-10-06 11:37:47,786:INFO:Logical Core: 16
2021-10-06 11:37:47,787:INFO:Checking libraries
2021-10-06 11:37:47,787:INFO:pd==1.2.4
2021-10-06 11:37:47,787:INFO:numpy==1.19.5
2021-10-06 11:37:47,787:INFO:sklearn==0.23.2
2021-10-06 11:37:47,787:INFO:lightgbm==3.2.1
2021-10-06 11:37:47,788:WARNING:catboost not found
2021-10-06 11:37:47,788:WARNING:xgboost not found
2021-10-06 11:37:48,421:INFO:mlflow==1.20.2
2021-10-06 11:37:48,422:INFO:Checking Exceptions
2021-10-06 11:37:48,422:INFO:Declaring global variables
2021-10-06 11:37:48,422:INFO:USI: 0622
2021-10-06 11:37:48,422:INFO:pycaret_globals: {'USI', 'y_test', 'experiment__', 'master_model_container', 'X_train', '_all_metrics', '_available_plots', 'fold_groups_param', '_ml_usecase', 'html_param', 'fold_groups_param_full', 'stratify_param', 'data_before_preprocess', '_all_models_internal', 'create_model_container', 'exp_name_log', 'X', 'fix_imbalance_param', 'fold_shuffle_param', 'transform_target_param', 'gpu_param', 'display_container', 'seed', 'prep_pipe', '_gpu_n_jobs_param', 'y_train', 'log_plots_param', 'fold_generator', 'imputation_classifier', 'n_jobs_param', 'transform_target_method_param', 'logging_param', 'imputation_regressor', 'fold_param', 'fix_imbalance_method_param', '_all_models', 'X_test', 'y', 'target_param', '_internal_pipeline', 'iterative_imputation_iters_param', 'pycaret_globals'}
2021-10-06 11:37:48,422:INFO:Preparing display monitor
2021-10-06 11:37:48,422:INFO:Preparing display monitor
2021-10-06 11:37:48,433:INFO:Importing libraries
2021-10-06 11:37:48,433:INFO:Copying data for preprocessing
2021-10-06 11:37:48,441:INFO:Declaring preprocessing parameters
2021-10-06 11:37:48,446:INFO:Creating preprocessing pipeline
2021-10-06 11:37:48,517:INFO:Preprocessing pipeline created successfully
2021-10-06 11:37:48,518:ERROR:(Process Exit): setup has been interupted with user command 'quit'. setup must rerun.
2021-10-06 11:37:48,518:INFO:Creating global containers
2021-10-06 11:37:48,520:INFO:Internal pipeline: Pipeline(memory=None, steps=[('empty_step', 'passthrough')], verbose=False)
2021-10-06 11:38:10,476:WARNING:Couldn't import xgboost.XGBClassifier
2021-10-06 11:38:10,477:WARNING:Couldn't import catboost.CatBoostClassifier
2021-10-06 11:38:10,548:WARNING:Couldn't import xgboost.XGBClassifier
2021-10-06 11:38:10,548:WARNING:Couldn't import catboost.CatBoostClassifier
2021-10-06 11:38:10,549:INFO:Creating grid variables
2021-10-06 11:38:10,578:INFO:create_model_container: 0
2021-10-06 11:38:10,578:INFO:master_model_container: 0
2021-10-06 11:38:10,579:INFO:display_container: 1
2021-10-06 11:38:10,583:INFO:Pipeline(memory=None,
         steps=[('dtypes',
                 DataTypes_Auto_infer(categorical_features=[],
                                      display_types=True, features_todrop=[],
                                      id_columns=[],
                                      ml_usecase='classification',
                                      numerical_features=[], target='income',
                                      time_features=[])),
                ('imputer',
                 Simple_Imputer(categorical_strategy='not_available',
                                fill_value_categorical=None,
                                fill_value_numerical=None,
                                numeric_strat...
                ('scaling', 'passthrough'), ('P_transform', 'passthrough'),
                ('binn', 'passthrough'), ('rem_outliers', 'passthrough'),
                ('cluster_all', 'passthrough'),
                ('dummy', Dummify(target='income')),
                ('fix_perfect', Remove_100(target='income')),
                ('clean_names', Clean_Colum_Names()),
                ('feature_select', 'passthrough'), ('fix_multi', 'passthrough'),
                ('dfs', 'passthrough'), ('pca', 'passthrough')],
         verbose=False)
2021-10-06 11:38:10,583:INFO:setup() succesfully completed......................................
2021-10-06 11:38:35,892:INFO:Initializing compare_models()
2021-10-06 11:38:35,893:INFO:compare_models(include=None, fold=None, round=4, cross_validation=True, sort=Accuracy, n_select=1, budget_time=None, turbo=True, errors=ignore, fit_kwargs=None, groups=None, verbose=True, display=None, exclude=None)
2021-10-06 11:38:35,893:INFO:Checking exceptions
2021-10-06 11:38:35,894:INFO:Preparing display monitor
2021-10-06 11:38:35,894:INFO:Preparing display monitor
2021-10-06 11:38:35,919:INFO:Initializing Logistic Regression
2021-10-06 11:38:35,919:INFO:Total runtime is 0.0 minutes
2021-10-06 11:38:35,927:INFO:SubProcess create_model() called ==================================
2021-10-06 11:38:35,928:INFO:Initializing create_model()
2021-10-06 11:38:35,928:INFO:create_model(estimator=lr, fold=StratifiedKFold(n_splits=10, random_state=None, shuffle=False), round=4, cross_validation=True, predict=True, fit_kwargs={}, groups=None, refit=False, verbose=False, system=False, metrics=None, add_to_model_list=True, display=<pycaret.internal.Display.Display object at 0x000001742EFEA2B0>, kwargs={})
2021-10-06 11:38:35,928:INFO:Checking exceptions
2021-10-06 11:38:35,928:INFO:Importing libraries
2021-10-06 11:38:35,928:INFO:Copying training dataset
2021-10-06 11:38:35,931:INFO:Defining folds
2021-10-06 11:38:35,931:INFO:Declaring metric variables
2021-10-06 11:38:35,938:INFO:Importing untrained model
2021-10-06 11:38:35,945:INFO:Logistic Regression Imported succesfully
2021-10-06 11:38:35,959:INFO:Starting cross validation
2021-10-06 11:38:35,960:INFO:Cross validating with StratifiedKFold(n_splits=10, random_state=None, shuffle=False), n_jobs=-1
2021-10-06 11:39:04,590:INFO:Calculating mean and std
2021-10-06 11:39:04,591:INFO:Creating metrics dataframe
2021-10-06 11:39:04,594:INFO:Uploading results into container
2021-10-06 11:39:04,594:INFO:Uploading model into container now
2021-10-06 11:39:04,594:INFO:create_model_container: 1
2021-10-06 11:39:04,594:INFO:master_model_container: 1
2021-10-06 11:39:04,594:INFO:display_container: 2
2021-10-06 11:39:04,595:INFO:LogisticRegression(C=1.0, class_weight=None, dual=False, fit_intercept=True,
                   intercept_scaling=1, l1_ratio=None, max_iter=1000,
                   multi_class='auto', n_jobs=None, penalty='l2',
                   random_state=4076, solver='lbfgs', tol=0.0001, verbose=0,
                   warm_start=False)
2021-10-06 11:39:04,595:INFO:create_model() succesfully completed......................................
2021-10-06 11:39:04,654:INFO:SubProcess create_model() end ==================================
2021-10-06 11:39:04,654:INFO:Creating metrics dataframe
2021-10-06 11:39:04,668:INFO:Initializing K Neighbors Classifier
2021-10-06 11:39:04,668:INFO:Total runtime is 0.47914465665817263 minutes
2021-10-06 11:39:04,675:INFO:SubProcess create_model() called ==================================
2021-10-06 11:39:04,675:INFO:Initializing create_model()
2021-10-06 11:39:04,676:INFO:create_model(estimator=knn, fold=StratifiedKFold(n_splits=10, random_state=None, shuffle=False), round=4, cross_validation=True, predict=True, fit_kwargs={}, groups=None, refit=False, verbose=False, system=False, metrics=None, add_to_model_list=True, display=<pycaret.internal.Display.Display object at 0x000001742EFEA2B0>, kwargs={})
2021-10-06 11:39:04,676:INFO:Checking exceptions
2021-10-06 11:39:04,676:INFO:Importing libraries
2021-10-06 11:39:04,676:INFO:Copying training dataset
2021-10-06 11:39:04,681:INFO:Defining folds
2021-10-06 11:39:04,681:INFO:Declaring metric variables
2021-10-06 11:39:04,690:INFO:Importing untrained model
2021-10-06 11:39:04,698:INFO:K Neighbors Classifier Imported succesfully
2021-10-06 11:39:04,713:INFO:Starting cross validation
2021-10-06 11:39:04,713:INFO:Cross validating with StratifiedKFold(n_splits=10, random_state=None, shuffle=False), n_jobs=-1
2021-10-06 11:39:17,856:INFO:Calculating mean and std
2021-10-06 11:39:17,856:INFO:Creating metrics dataframe
2021-10-06 11:39:17,859:INFO:Uploading results into container
2021-10-06 11:39:17,859:INFO:Uploading model into container now
2021-10-06 11:39:17,859:INFO:create_model_container: 2
2021-10-06 11:39:17,860:INFO:master_model_container: 2
2021-10-06 11:39:17,860:INFO:display_container: 2
2021-10-06 11:39:17,860:INFO:KNeighborsClassifier(algorithm='auto', leaf_size=30, metric='minkowski',
                     metric_params=None, n_jobs=-1, n_neighbors=5, p=2,
                     weights='uniform')
2021-10-06 11:39:17,860:INFO:create_model() succesfully completed......................................
2021-10-06 11:39:17,910:INFO:SubProcess create_model() end ==================================
2021-10-06 11:39:17,911:INFO:Creating metrics dataframe
2021-10-06 11:39:17,926:INFO:Initializing Naive Bayes
2021-10-06 11:39:17,926:INFO:Total runtime is 0.7001101692517598 minutes
2021-10-06 11:39:17,934:INFO:SubProcess create_model() called ==================================
2021-10-06 11:39:17,934:INFO:Initializing create_model()
2021-10-06 11:39:17,935:INFO:create_model(estimator=nb, fold=StratifiedKFold(n_splits=10, random_state=None, shuffle=False), round=4, cross_validation=True, predict=True, fit_kwargs={}, groups=None, refit=False, verbose=False, system=False, metrics=None, add_to_model_list=True, display=<pycaret.internal.Display.Display object at 0x000001742EFEA2B0>, kwargs={})
2021-10-06 11:39:17,935:INFO:Checking exceptions
2021-10-06 11:39:17,935:INFO:Importing libraries
2021-10-06 11:39:17,935:INFO:Copying training dataset
2021-10-06 11:39:17,938:INFO:Defining folds
2021-10-06 11:39:17,939:INFO:Declaring metric variables
2021-10-06 11:39:17,946:INFO:Importing untrained model
2021-10-06 11:39:17,955:INFO:Naive Bayes Imported succesfully
2021-10-06 11:39:17,971:INFO:Starting cross validation
2021-10-06 11:39:17,971:INFO:Cross validating with StratifiedKFold(n_splits=10, random_state=None, shuffle=False), n_jobs=-1
2021-10-06 11:39:18,506:INFO:Calculating mean and std
2021-10-06 11:39:18,507:INFO:Creating metrics dataframe
2021-10-06 11:39:18,510:INFO:Uploading results into container
2021-10-06 11:39:18,510:INFO:Uploading model into container now
2021-10-06 11:39:18,510:INFO:create_model_container: 3
2021-10-06 11:39:18,510:INFO:master_model_container: 3
2021-10-06 11:39:18,510:INFO:display_container: 2
2021-10-06 11:39:18,511:INFO:GaussianNB(priors=None, var_smoothing=1e-09)
2021-10-06 11:39:18,511:INFO:create_model() succesfully completed......................................
2021-10-06 11:39:18,566:INFO:SubProcess create_model() end ==================================
2021-10-06 11:39:18,566:INFO:Creating metrics dataframe
2021-10-06 11:39:18,582:INFO:Initializing Decision Tree Classifier
2021-10-06 11:39:18,582:INFO:Total runtime is 0.7110372662544251 minutes
2021-10-06 11:39:18,589:INFO:SubProcess create_model() called ==================================
2021-10-06 11:39:18,589:INFO:Initializing create_model()
2021-10-06 11:39:18,589:INFO:create_model(estimator=dt, fold=StratifiedKFold(n_splits=10, random_state=None, shuffle=False), round=4, cross_validation=True, predict=True, fit_kwargs={}, groups=None, refit=False, verbose=False, system=False, metrics=None, add_to_model_list=True, display=<pycaret.internal.Display.Display object at 0x000001742EFEA2B0>, kwargs={})
2021-10-06 11:39:18,589:INFO:Checking exceptions
2021-10-06 11:39:18,590:INFO:Importing libraries
2021-10-06 11:39:18,590:INFO:Copying training dataset
2021-10-06 11:39:18,593:INFO:Defining folds
2021-10-06 11:39:18,594:INFO:Declaring metric variables
2021-10-06 11:39:18,600:INFO:Importing untrained model
2021-10-06 11:39:18,607:INFO:Decision Tree Classifier Imported succesfully
2021-10-06 11:39:18,624:INFO:Starting cross validation
2021-10-06 11:39:18,624:INFO:Cross validating with StratifiedKFold(n_splits=10, random_state=None, shuffle=False), n_jobs=-1
2021-10-06 11:39:19,495:INFO:Calculating mean and std
2021-10-06 11:39:19,496:INFO:Creating metrics dataframe
2021-10-06 11:39:19,499:INFO:Uploading results into container
2021-10-06 11:39:19,499:INFO:Uploading model into container now
2021-10-06 11:39:19,500:INFO:create_model_container: 4
2021-10-06 11:39:19,500:INFO:master_model_container: 4
2021-10-06 11:39:19,500:INFO:display_container: 2
2021-10-06 11:39:19,500:INFO:DecisionTreeClassifier(ccp_alpha=0.0, class_weight=None, criterion='gini',
                       max_depth=None, max_features=None, max_leaf_nodes=None,
                       min_impurity_decrease=0.0, min_impurity_split=None,
                       min_samples_leaf=1, min_samples_split=2,
                       min_weight_fraction_leaf=0.0, presort='deprecated',
                       random_state=4076, splitter='best')
2021-10-06 11:39:19,500:INFO:create_model() succesfully completed......................................
2021-10-06 11:39:19,558:INFO:SubProcess create_model() end ==================================
2021-10-06 11:39:19,564:INFO:Creating metrics dataframe
2021-10-06 11:39:19,579:INFO:Initializing SVM - Linear Kernel
2021-10-06 11:39:19,579:INFO:Total runtime is 0.7276678164800009 minutes
2021-10-06 11:39:19,587:INFO:SubProcess create_model() called ==================================
2021-10-06 11:39:19,587:INFO:Initializing create_model()
2021-10-06 11:39:19,587:INFO:create_model(estimator=svm, fold=StratifiedKFold(n_splits=10, random_state=None, shuffle=False), round=4, cross_validation=True, predict=True, fit_kwargs={}, groups=None, refit=False, verbose=False, system=False, metrics=None, add_to_model_list=True, display=<pycaret.internal.Display.Display object at 0x000001742EFEA2B0>, kwargs={})
2021-10-06 11:39:19,587:INFO:Checking exceptions
2021-10-06 11:39:19,587:INFO:Importing libraries
2021-10-06 11:39:19,587:INFO:Copying training dataset
2021-10-06 11:39:19,590:INFO:Defining folds
2021-10-06 11:39:19,590:INFO:Declaring metric variables
2021-10-06 11:39:19,597:INFO:Importing untrained model
2021-10-06 11:39:19,604:INFO:SVM - Linear Kernel Imported succesfully
2021-10-06 11:39:19,616:INFO:Starting cross validation
2021-10-06 11:39:19,618:INFO:Cross validating with StratifiedKFold(n_splits=10, random_state=None, shuffle=False), n_jobs=-1
2021-10-06 11:39:20,501:INFO:Calculating mean and std
2021-10-06 11:39:20,502:INFO:Creating metrics dataframe
2021-10-06 11:39:20,505:INFO:Uploading results into container
2021-10-06 11:39:20,505:INFO:Uploading model into container now
2021-10-06 11:39:20,505:INFO:create_model_container: 5
2021-10-06 11:39:20,505:INFO:master_model_container: 5
2021-10-06 11:39:20,505:INFO:display_container: 2
2021-10-06 11:39:20,506:INFO:SGDClassifier(alpha=0.0001, average=False, class_weight=None,
              early_stopping=False, epsilon=0.1, eta0=0.001, fit_intercept=True,
              l1_ratio=0.15, learning_rate='optimal', loss='hinge',
              max_iter=1000, n_iter_no_change=5, n_jobs=-1, penalty='l2',
              power_t=0.5, random_state=4076, shuffle=True, tol=0.001,
              validation_fraction=0.1, verbose=0, warm_start=False)
2021-10-06 11:39:20,506:INFO:create_model() succesfully completed......................................
2021-10-06 11:39:20,556:INFO:SubProcess create_model() end ==================================
2021-10-06 11:39:20,556:INFO:Creating metrics dataframe
2021-10-06 11:39:20,572:INFO:Initializing Ridge Classifier
2021-10-06 11:39:20,572:INFO:Total runtime is 0.7442108949025473 minutes
2021-10-06 11:39:20,579:INFO:SubProcess create_model() called ==================================
2021-10-06 11:39:20,579:INFO:Initializing create_model()
2021-10-06 11:39:20,580:INFO:create_model(estimator=ridge, fold=StratifiedKFold(n_splits=10, random_state=None, shuffle=False), round=4, cross_validation=True, predict=True, fit_kwargs={}, groups=None, refit=False, verbose=False, system=False, metrics=None, add_to_model_list=True, display=<pycaret.internal.Display.Display object at 0x000001742EFEA2B0>, kwargs={})
2021-10-06 11:39:20,580:INFO:Checking exceptions
2021-10-06 11:39:20,580:INFO:Importing libraries
2021-10-06 11:39:20,580:INFO:Copying training dataset
2021-10-06 11:39:20,583:INFO:Defining folds
2021-10-06 11:39:20,583:INFO:Declaring metric variables
2021-10-06 11:39:20,589:INFO:Importing untrained model
2021-10-06 11:39:20,596:INFO:Ridge Classifier Imported succesfully
2021-10-06 11:39:20,611:INFO:Starting cross validation
2021-10-06 11:39:20,612:INFO:Cross validating with StratifiedKFold(n_splits=10, random_state=None, shuffle=False), n_jobs=-1
2021-10-06 11:39:21,014:INFO:Calculating mean and std
2021-10-06 11:39:21,014:INFO:Creating metrics dataframe
2021-10-06 11:39:21,017:INFO:Uploading results into container
2021-10-06 11:39:21,018:INFO:Uploading model into container now
2021-10-06 11:39:21,018:INFO:create_model_container: 6
2021-10-06 11:39:21,018:INFO:master_model_container: 6
2021-10-06 11:39:21,018:INFO:display_container: 2
2021-10-06 11:39:21,018:INFO:RidgeClassifier(alpha=1.0, class_weight=None, copy_X=True, fit_intercept=True,
                max_iter=None, normalize=False, random_state=4076,
                solver='auto', tol=0.001)
2021-10-06 11:39:21,019:INFO:create_model() succesfully completed......................................
2021-10-06 11:39:21,084:INFO:SubProcess create_model() end ==================================
2021-10-06 11:39:21,084:INFO:Creating metrics dataframe
2021-10-06 11:39:21,099:INFO:Initializing Random Forest Classifier
2021-10-06 11:39:21,100:INFO:Total runtime is 0.753010654449463 minutes
2021-10-06 11:39:21,107:INFO:SubProcess create_model() called ==================================
2021-10-06 11:39:21,108:INFO:Initializing create_model()
2021-10-06 11:39:21,108:INFO:create_model(estimator=rf, fold=StratifiedKFold(n_splits=10, random_state=None, shuffle=False), round=4, cross_validation=True, predict=True, fit_kwargs={}, groups=None, refit=False, verbose=False, system=False, metrics=None, add_to_model_list=True, display=<pycaret.internal.Display.Display object at 0x000001742EFEA2B0>, kwargs={})
2021-10-06 11:39:21,108:INFO:Checking exceptions
2021-10-06 11:39:21,108:INFO:Importing libraries
2021-10-06 11:39:21,108:INFO:Copying training dataset
2021-10-06 11:39:21,112:INFO:Defining folds
2021-10-06 11:39:21,112:INFO:Declaring metric variables
2021-10-06 11:39:21,118:INFO:Importing untrained model
2021-10-06 11:39:21,126:INFO:Random Forest Classifier Imported succesfully
2021-10-06 11:39:21,139:INFO:Starting cross validation
2021-10-06 11:39:21,140:INFO:Cross validating with StratifiedKFold(n_splits=10, random_state=None, shuffle=False), n_jobs=-1
2021-10-06 11:39:28,593:INFO:Calculating mean and std
2021-10-06 11:39:28,594:INFO:Creating metrics dataframe
2021-10-06 11:39:28,597:INFO:Uploading results into container
2021-10-06 11:39:28,597:INFO:Uploading model into container now
2021-10-06 11:39:28,597:INFO:create_model_container: 7
2021-10-06 11:39:28,597:INFO:master_model_container: 7
2021-10-06 11:39:28,597:INFO:display_container: 2
2021-10-06 11:39:28,598:INFO:RandomForestClassifier(bootstrap=True, ccp_alpha=0.0, class_weight=None,
                       criterion='gini', max_depth=None, max_features='auto',
                       max_leaf_nodes=None, max_samples=None,
                       min_impurity_decrease=0.0, min_impurity_split=None,
                       min_samples_leaf=1, min_samples_split=2,
                       min_weight_fraction_leaf=0.0, n_estimators=100,
                       n_jobs=-1, oob_score=False, random_state=4076, verbose=0,
                       warm_start=False)
2021-10-06 11:39:28,598:INFO:create_model() succesfully completed......................................
2021-10-06 11:39:28,658:INFO:SubProcess create_model() end ==================================
2021-10-06 11:39:28,658:INFO:Creating metrics dataframe
2021-10-06 11:39:28,678:INFO:Initializing Quadratic Discriminant Analysis
2021-10-06 11:39:28,678:INFO:Total runtime is 0.8793033560117087 minutes
2021-10-06 11:39:28,688:INFO:SubProcess create_model() called ==================================
2021-10-06 11:39:28,689:INFO:Initializing create_model()
2021-10-06 11:39:28,689:INFO:create_model(estimator=qda, fold=StratifiedKFold(n_splits=10, random_state=None, shuffle=False), round=4, cross_validation=True, predict=True, fit_kwargs={}, groups=None, refit=False, verbose=False, system=False, metrics=None, add_to_model_list=True, display=<pycaret.internal.Display.Display object at 0x000001742EFEA2B0>, kwargs={})
2021-10-06 11:39:28,689:INFO:Checking exceptions
2021-10-06 11:39:28,689:INFO:Importing libraries
2021-10-06 11:39:28,689:INFO:Copying training dataset
2021-10-06 11:39:28,693:INFO:Defining folds
2021-10-06 11:39:28,693:INFO:Declaring metric variables
2021-10-06 11:39:28,699:INFO:Importing untrained model
2021-10-06 11:39:28,707:INFO:Quadratic Discriminant Analysis Imported succesfully
2021-10-06 11:39:28,723:INFO:Starting cross validation
2021-10-06 11:39:28,724:INFO:Cross validating with StratifiedKFold(n_splits=10, random_state=None, shuffle=False), n_jobs=-1
2021-10-06 11:39:31,633:INFO:Calculating mean and std
2021-10-06 11:39:31,634:INFO:Creating metrics dataframe
2021-10-06 11:39:31,637:INFO:Uploading results into container
2021-10-06 11:39:31,637:INFO:Uploading model into container now
2021-10-06 11:39:31,637:INFO:create_model_container: 8
2021-10-06 11:39:31,637:INFO:master_model_container: 8
2021-10-06 11:39:31,637:INFO:display_container: 2
2021-10-06 11:39:31,637:INFO:QuadraticDiscriminantAnalysis(priors=None, reg_param=0.0,
                              store_covariance=False, tol=0.0001)
2021-10-06 11:39:31,638:INFO:create_model() succesfully completed......................................
2021-10-06 11:39:31,700:INFO:SubProcess create_model() end ==================================
2021-10-06 11:39:31,700:INFO:Creating metrics dataframe
2021-10-06 11:39:31,716:INFO:Initializing Ada Boost Classifier
2021-10-06 11:39:31,716:INFO:Total runtime is 0.929948933919271 minutes
2021-10-06 11:39:31,724:INFO:SubProcess create_model() called ==================================
2021-10-06 11:39:31,725:INFO:Initializing create_model()
2021-10-06 11:39:31,726:INFO:create_model(estimator=ada, fold=StratifiedKFold(n_splits=10, random_state=None, shuffle=False), round=4, cross_validation=True, predict=True, fit_kwargs={}, groups=None, refit=False, verbose=False, system=False, metrics=None, add_to_model_list=True, display=<pycaret.internal.Display.Display object at 0x000001742EFEA2B0>, kwargs={})
2021-10-06 11:39:31,726:INFO:Checking exceptions
2021-10-06 11:39:31,726:INFO:Importing libraries
2021-10-06 11:39:31,727:INFO:Copying training dataset
2021-10-06 11:39:31,731:INFO:Defining folds
2021-10-06 11:39:31,731:INFO:Declaring metric variables
2021-10-06 11:39:31,741:INFO:Importing untrained model
2021-10-06 11:39:31,749:INFO:Ada Boost Classifier Imported succesfully
2021-10-06 11:39:31,764:INFO:Starting cross validation
2021-10-06 11:39:31,764:INFO:Cross validating with StratifiedKFold(n_splits=10, random_state=None, shuffle=False), n_jobs=-1
2021-10-06 11:39:34,034:INFO:Calculating mean and std
2021-10-06 11:39:34,034:INFO:Creating metrics dataframe
2021-10-06 11:39:34,037:INFO:Uploading results into container
2021-10-06 11:39:34,037:INFO:Uploading model into container now
2021-10-06 11:39:34,038:INFO:create_model_container: 9
2021-10-06 11:39:34,038:INFO:master_model_container: 9
2021-10-06 11:39:34,038:INFO:display_container: 2
2021-10-06 11:39:34,038:INFO:AdaBoostClassifier(algorithm='SAMME.R', base_estimator=None, learning_rate=1.0,
                   n_estimators=50, random_state=4076)
2021-10-06 11:39:34,038:INFO:create_model() succesfully completed......................................
2021-10-06 11:39:34,091:INFO:SubProcess create_model() end ==================================
2021-10-06 11:39:34,091:INFO:Creating metrics dataframe
2021-10-06 11:39:34,109:INFO:Initializing Gradient Boosting Classifier
2021-10-06 11:39:34,109:INFO:Total runtime is 0.9698292613029482 minutes
2021-10-06 11:39:34,117:INFO:SubProcess create_model() called ==================================
2021-10-06 11:39:34,117:INFO:Initializing create_model()
2021-10-06 11:39:34,118:INFO:create_model(estimator=gbc, fold=StratifiedKFold(n_splits=10, random_state=None, shuffle=False), round=4, cross_validation=True, predict=True, fit_kwargs={}, groups=None, refit=False, verbose=False, system=False, metrics=None, add_to_model_list=True, display=<pycaret.internal.Display.Display object at 0x000001742EFEA2B0>, kwargs={})
2021-10-06 11:39:34,118:INFO:Checking exceptions
2021-10-06 11:39:34,118:INFO:Importing libraries
2021-10-06 11:39:34,118:INFO:Copying training dataset
2021-10-06 11:39:34,121:INFO:Defining folds
2021-10-06 11:39:34,121:INFO:Declaring metric variables
2021-10-06 11:39:34,130:INFO:Importing untrained model
2021-10-06 11:39:34,137:INFO:Gradient Boosting Classifier Imported succesfully
2021-10-06 11:39:34,152:INFO:Starting cross validation
2021-10-06 11:39:34,152:INFO:Cross validating with StratifiedKFold(n_splits=10, random_state=None, shuffle=False), n_jobs=-1
2021-10-06 11:39:42,417:INFO:Calculating mean and std
2021-10-06 11:39:42,418:INFO:Creating metrics dataframe
2021-10-06 11:39:42,421:INFO:Uploading results into container
2021-10-06 11:39:42,421:INFO:Uploading model into container now
2021-10-06 11:39:42,421:INFO:create_model_container: 10
2021-10-06 11:39:42,421:INFO:master_model_container: 10
2021-10-06 11:39:42,421:INFO:display_container: 2
2021-10-06 11:39:42,422:INFO:GradientBoostingClassifier(ccp_alpha=0.0, criterion='friedman_mse', init=None,
                           learning_rate=0.1, loss='deviance', max_depth=3,
                           max_features=None, max_leaf_nodes=None,
                           min_impurity_decrease=0.0, min_impurity_split=None,
                           min_samples_leaf=1, min_samples_split=2,
                           min_weight_fraction_leaf=0.0, n_estimators=100,
                           n_iter_no_change=None, presort='deprecated',
                           random_state=4076, subsample=1.0, tol=0.0001,
                           validation_fraction=0.1, verbose=0,
                           warm_start=False)
2021-10-06 11:39:42,422:INFO:create_model() succesfully completed......................................
2021-10-06 11:39:42,477:INFO:SubProcess create_model() end ==================================
2021-10-06 11:39:42,478:INFO:Creating metrics dataframe
2021-10-06 11:39:42,495:INFO:Initializing Linear Discriminant Analysis
2021-10-06 11:39:42,495:INFO:Total runtime is 1.109601418177287 minutes
2021-10-06 11:39:42,502:INFO:SubProcess create_model() called ==================================
2021-10-06 11:39:42,502:INFO:Initializing create_model()
2021-10-06 11:39:42,502:INFO:create_model(estimator=lda, fold=StratifiedKFold(n_splits=10, random_state=None, shuffle=False), round=4, cross_validation=True, predict=True, fit_kwargs={}, groups=None, refit=False, verbose=False, system=False, metrics=None, add_to_model_list=True, display=<pycaret.internal.Display.Display object at 0x000001742EFEA2B0>, kwargs={})
2021-10-06 11:39:42,502:INFO:Checking exceptions
2021-10-06 11:39:42,502:INFO:Importing libraries
2021-10-06 11:39:42,503:INFO:Copying training dataset
2021-10-06 11:39:42,506:INFO:Defining folds
2021-10-06 11:39:42,506:INFO:Declaring metric variables
2021-10-06 11:39:42,515:INFO:Importing untrained model
2021-10-06 11:39:42,523:INFO:Linear Discriminant Analysis Imported succesfully
2021-10-06 11:39:42,540:INFO:Starting cross validation
2021-10-06 11:39:42,540:INFO:Cross validating with StratifiedKFold(n_splits=10, random_state=None, shuffle=False), n_jobs=-1
2021-10-06 11:39:45,881:INFO:Calculating mean and std
2021-10-06 11:39:45,882:INFO:Creating metrics dataframe
2021-10-06 11:39:45,885:INFO:Uploading results into container
2021-10-06 11:39:45,885:INFO:Uploading model into container now
2021-10-06 11:39:45,885:INFO:create_model_container: 11
2021-10-06 11:39:45,885:INFO:master_model_container: 11
2021-10-06 11:39:45,885:INFO:display_container: 2
2021-10-06 11:39:45,885:INFO:LinearDiscriminantAnalysis(n_components=None, priors=None, shrinkage=None,
                           solver='svd', store_covariance=False, tol=0.0001)
2021-10-06 11:39:45,885:INFO:create_model() succesfully completed......................................
2021-10-06 11:39:45,936:INFO:SubProcess create_model() end ==================================
2021-10-06 11:39:45,937:INFO:Creating metrics dataframe
2021-10-06 11:39:45,955:INFO:Initializing Extra Trees Classifier
2021-10-06 11:39:45,955:INFO:Total runtime is 1.1672612190246585 minutes
2021-10-06 11:39:45,963:INFO:SubProcess create_model() called ==================================
2021-10-06 11:39:45,963:INFO:Initializing create_model()
2021-10-06 11:39:45,963:INFO:create_model(estimator=et, fold=StratifiedKFold(n_splits=10, random_state=None, shuffle=False), round=4, cross_validation=True, predict=True, fit_kwargs={}, groups=None, refit=False, verbose=False, system=False, metrics=None, add_to_model_list=True, display=<pycaret.internal.Display.Display object at 0x000001742EFEA2B0>, kwargs={})
2021-10-06 11:39:45,963:INFO:Checking exceptions
2021-10-06 11:39:45,964:INFO:Importing libraries
2021-10-06 11:39:45,964:INFO:Copying training dataset
2021-10-06 11:39:45,968:INFO:Defining folds
2021-10-06 11:39:45,968:INFO:Declaring metric variables
2021-10-06 11:39:45,977:INFO:Importing untrained model
2021-10-06 11:39:45,985:INFO:Extra Trees Classifier Imported succesfully
2021-10-06 11:39:46,006:INFO:Starting cross validation
2021-10-06 11:39:46,007:INFO:Cross validating with StratifiedKFold(n_splits=10, random_state=None, shuffle=False), n_jobs=-1
2021-10-06 11:39:57,043:INFO:Calculating mean and std
2021-10-06 11:39:57,044:INFO:Creating metrics dataframe
2021-10-06 11:39:57,047:INFO:Uploading results into container
2021-10-06 11:39:57,047:INFO:Uploading model into container now
2021-10-06 11:39:57,048:INFO:create_model_container: 12
2021-10-06 11:39:57,048:INFO:master_model_container: 12
2021-10-06 11:39:57,049:INFO:display_container: 2
2021-10-06 11:39:57,049:INFO:ExtraTreesClassifier(bootstrap=False, ccp_alpha=0.0, class_weight=None,
                     criterion='gini', max_depth=None, max_features='auto',
                     max_leaf_nodes=None, max_samples=None,
                     min_impurity_decrease=0.0, min_impurity_split=None,
                     min_samples_leaf=1, min_samples_split=2,
                     min_weight_fraction_leaf=0.0, n_estimators=100, n_jobs=-1,
                     oob_score=False, random_state=4076, verbose=0,
                     warm_start=False)
2021-10-06 11:39:57,049:INFO:create_model() succesfully completed......................................
2021-10-06 11:39:57,114:INFO:SubProcess create_model() end ==================================
2021-10-06 11:39:57,114:INFO:Creating metrics dataframe
2021-10-06 11:39:57,139:INFO:Initializing Light Gradient Boosting Machine
2021-10-06 11:39:57,139:INFO:Total runtime is 1.3536641041437787 minutes
2021-10-06 11:39:57,148:INFO:SubProcess create_model() called ==================================
2021-10-06 11:39:57,149:INFO:Initializing create_model()
2021-10-06 11:39:57,149:INFO:create_model(estimator=lightgbm, fold=StratifiedKFold(n_splits=10, random_state=None, shuffle=False), round=4, cross_validation=True, predict=True, fit_kwargs={}, groups=None, refit=False, verbose=False, system=False, metrics=None, add_to_model_list=True, display=<pycaret.internal.Display.Display object at 0x000001742EFEA2B0>, kwargs={})
2021-10-06 11:39:57,149:INFO:Checking exceptions
2021-10-06 11:39:57,149:INFO:Importing libraries
2021-10-06 11:39:57,149:INFO:Copying training dataset
2021-10-06 11:39:57,154:INFO:Defining folds
2021-10-06 11:39:57,155:INFO:Declaring metric variables
2021-10-06 11:39:57,162:INFO:Importing untrained model
2021-10-06 11:39:57,173:INFO:Light Gradient Boosting Machine Imported succesfully
2021-10-06 11:39:57,193:INFO:Starting cross validation
2021-10-06 11:39:57,193:INFO:Cross validating with StratifiedKFold(n_splits=10, random_state=None, shuffle=False), n_jobs=-1
2021-10-06 11:39:59,432:INFO:Calculating mean and std
2021-10-06 11:39:59,434:INFO:Creating metrics dataframe
2021-10-06 11:39:59,437:INFO:Uploading results into container
2021-10-06 11:39:59,437:INFO:Uploading model into container now
2021-10-06 11:39:59,437:INFO:create_model_container: 13
2021-10-06 11:39:59,437:INFO:master_model_container: 13
2021-10-06 11:39:59,437:INFO:display_container: 2
2021-10-06 11:39:59,437:INFO:LGBMClassifier(boosting_type='gbdt', class_weight=None, colsample_bytree=1.0,
               importance_type='split', learning_rate=0.1, max_depth=-1,
               min_child_samples=20, min_child_weight=0.001, min_split_gain=0.0,
               n_estimators=100, n_jobs=-1, num_leaves=31, objective=None,
               random_state=4076, reg_alpha=0.0, reg_lambda=0.0, silent=True,
               subsample=1.0, subsample_for_bin=200000, subsample_freq=0)
2021-10-06 11:39:59,437:INFO:create_model() succesfully completed......................................
2021-10-06 11:39:59,492:INFO:SubProcess create_model() end ==================================
2021-10-06 11:39:59,492:INFO:Creating metrics dataframe
2021-10-06 11:39:59,533:INFO:Initializing create_model()
2021-10-06 11:39:59,534:INFO:create_model(estimator=LGBMClassifier(boosting_type='gbdt', class_weight=None, colsample_bytree=1.0,
               importance_type='split', learning_rate=0.1, max_depth=-1,
               min_child_samples=20, min_child_weight=0.001, min_split_gain=0.0,
               n_estimators=100, n_jobs=-1, num_leaves=31, objective=None,
               random_state=4076, reg_alpha=0.0, reg_lambda=0.0, silent=True,
               subsample=1.0, subsample_for_bin=200000, subsample_freq=0), fold=StratifiedKFold(n_splits=10, random_state=None, shuffle=False), round=4, cross_validation=False, predict=False, fit_kwargs={}, groups=None, refit=True, verbose=False, system=False, metrics=None, add_to_model_list=True, display=None, kwargs={})
2021-10-06 11:39:59,534:INFO:Checking exceptions
2021-10-06 11:39:59,535:INFO:Importing libraries
2021-10-06 11:39:59,535:INFO:Copying training dataset
2021-10-06 11:39:59,538:INFO:Defining folds
2021-10-06 11:39:59,538:INFO:Declaring metric variables
2021-10-06 11:39:59,539:INFO:Importing untrained model
2021-10-06 11:39:59,539:INFO:Declaring custom model
2021-10-06 11:39:59,540:INFO:Light Gradient Boosting Machine Imported succesfully
2021-10-06 11:39:59,540:INFO:Cross validation set to False
2021-10-06 11:39:59,540:INFO:Fitting Model
2021-10-06 11:39:59,765:INFO:LGBMClassifier(boosting_type='gbdt', class_weight=None, colsample_bytree=1.0,
               importance_type='split', learning_rate=0.1, max_depth=-1,
               min_child_samples=20, min_child_weight=0.001, min_split_gain=0.0,
               n_estimators=100, n_jobs=-1, num_leaves=31, objective=None,
               random_state=4076, reg_alpha=0.0, reg_lambda=0.0, silent=True,
               subsample=1.0, subsample_for_bin=200000, subsample_freq=0)
2021-10-06 11:39:59,765:INFO:create_models() succesfully completed......................................
2021-10-06 11:39:59,886:INFO:create_model_container: 13
2021-10-06 11:39:59,886:INFO:master_model_container: 13
2021-10-06 11:39:59,886:INFO:display_container: 2
2021-10-06 11:39:59,886:INFO:LGBMClassifier(boosting_type='gbdt', class_weight=None, colsample_bytree=1.0,
               importance_type='split', learning_rate=0.1, max_depth=-1,
               min_child_samples=20, min_child_weight=0.001, min_split_gain=0.0,
               n_estimators=100, n_jobs=-1, num_leaves=31, objective=None,
               random_state=4076, reg_alpha=0.0, reg_lambda=0.0, silent=True,
               subsample=1.0, subsample_for_bin=200000, subsample_freq=0)
2021-10-06 11:39:59,886:INFO:compare_models() succesfully completed......................................
2021-10-06 11:43:48,519:INFO:Initializing create_model()
2021-10-06 11:43:48,519:INFO:create_model(estimator=lightgbm, fold=None, round=4, cross_validation=True, predict=True, fit_kwargs=None, groups=None, refit=True, verbose=True, system=True, metrics=None, add_to_model_list=True, display=None, kwargs={})
2021-10-06 11:43:48,519:INFO:Checking exceptions
2021-10-06 11:43:48,519:INFO:Preparing display monitor
2021-10-06 11:43:48,542:INFO:Importing libraries
2021-10-06 11:43:48,542:INFO:Copying training dataset
2021-10-06 11:43:48,546:INFO:Defining folds
2021-10-06 11:43:48,546:INFO:Declaring metric variables
2021-10-06 11:43:48,553:INFO:Importing untrained model
2021-10-06 11:43:48,560:INFO:Light Gradient Boosting Machine Imported succesfully
2021-10-06 11:43:48,574:INFO:Starting cross validation
2021-10-06 11:43:48,574:INFO:Cross validating with StratifiedKFold(n_splits=10, random_state=None, shuffle=False), n_jobs=-1
2021-10-06 11:43:50,230:INFO:Calculating mean and std
2021-10-06 11:43:50,230:INFO:Creating metrics dataframe
2021-10-06 11:43:50,239:INFO:Finalizing model
2021-10-06 11:43:50,404:INFO:Uploading results into container
2021-10-06 11:43:50,404:INFO:Uploading model into container now
2021-10-06 11:43:50,423:INFO:create_model_container: 14
2021-10-06 11:43:50,424:INFO:master_model_container: 14
2021-10-06 11:43:50,424:INFO:display_container: 3
2021-10-06 11:43:50,424:INFO:LGBMClassifier(boosting_type='gbdt', class_weight=None, colsample_bytree=1.0,
               importance_type='split', learning_rate=0.1, max_depth=-1,
               min_child_samples=20, min_child_weight=0.001, min_split_gain=0.0,
               n_estimators=100, n_jobs=-1, num_leaves=31, objective=None,
               random_state=4076, reg_alpha=0.0, reg_lambda=0.0, silent=True,
               subsample=1.0, subsample_for_bin=200000, subsample_freq=0)
2021-10-06 11:43:50,424:INFO:create_model() succesfully completed......................................
2021-10-06 11:44:47,782:INFO:Initializing plot_model()
2021-10-06 11:44:47,783:INFO:plot_model(fold=None, use_train_data=False, verbose=True, is_in_evaluate=False, display=None, display_format=None, estimator=LGBMClassifier(boosting_type='gbdt', class_weight=None, colsample_bytree=1.0,
               importance_type='split', learning_rate=0.1, max_depth=-1,
               min_child_samples=20, min_child_weight=0.001, min_split_gain=0.0,
               n_estimators=100, n_jobs=-1, num_leaves=31, objective=None,
               random_state=4076, reg_alpha=0.0, reg_lambda=0.0, silent=True,
               subsample=1.0, subsample_for_bin=200000, subsample_freq=0), feature_name=None, fit_kwargs=None, groups=None, label=False, plot=auc, save=False, scale=1, system=True)
2021-10-06 11:44:47,783:INFO:Checking exceptions
2021-10-06 11:44:47,785:INFO:Preparing display monitor
2021-10-06 11:44:47,792:INFO:Preloading libraries
2021-10-06 11:44:47,800:INFO:Copying training dataset
2021-10-06 11:44:47,803:INFO:Copying test dataset
2021-10-06 11:44:47,805:INFO:Plot type: auc
2021-10-06 11:44:48,114:INFO:Fitting Model
2021-10-06 11:44:48,115:INFO:Scoring test/hold-out set
2021-10-06 11:44:48,368:INFO:Visual Rendered Successfully
2021-10-06 11:44:48,432:INFO:plot_model() succesfully completed......................................
2021-10-06 11:45:43,613:INFO:Initializing interpret_model()
2021-10-06 11:45:43,613:INFO:interpret_model(estimator=LGBMClassifier(boosting_type='gbdt', class_weight=None, colsample_bytree=1.0,
               importance_type='split', learning_rate=0.1, max_depth=-1,
               min_child_samples=20, min_child_weight=0.001, min_split_gain=0.0,
               n_estimators=100, n_jobs=-1, num_leaves=31, objective=None,
               random_state=4076, reg_alpha=0.0, reg_lambda=0.0, silent=True,
               subsample=1.0, subsample_for_bin=200000, subsample_freq=0), use_train_data=False, X_new_sample=None, y_new_sample=None, feature=None, kwargs={}, observation=None, plot=summary, save=False)
2021-10-06 11:45:43,613:INFO:Checking exceptions
2021-10-06 11:45:43,614:ERROR:shap library not found. pip install shap to use interpret_model function.
2021-10-06 11:46:53,916:INFO:Initializing interpret_model()
2021-10-06 11:46:53,917:INFO:interpret_model(estimator=LGBMClassifier(boosting_type='gbdt', class_weight=None, colsample_bytree=1.0,
               importance_type='split', learning_rate=0.1, max_depth=-1,
               min_child_samples=20, min_child_weight=0.001, min_split_gain=0.0,
               n_estimators=100, n_jobs=-1, num_leaves=31, objective=None,
               random_state=4076, reg_alpha=0.0, reg_lambda=0.0, silent=True,
               subsample=1.0, subsample_for_bin=200000, subsample_freq=0), use_train_data=False, X_new_sample=None, y_new_sample=None, feature=None, kwargs={}, observation=None, plot=summary, save=False)
2021-10-06 11:46:53,917:INFO:Checking exceptions
2021-10-06 11:46:56,526:INFO:plot type: summary
2021-10-06 11:46:56,526:INFO:Creating TreeExplainer
2021-10-06 11:46:56,626:INFO:Compiling shap values
2021-10-06 11:46:59,914:INFO:Visual Rendered Successfully
2021-10-06 11:46:59,914:INFO:interpret_model() succesfully completed......................................
